Arguments: 
  C:\Program Files\nodejs\node.exe C:\Users\Nysef\AppData\Roaming\npm\node_modules\yarn\bin\yarn.js install

PATH: 
  C:\Program Files (x86)\Intel\iCLS Client\;C:\Program Files\Intel\iCLS Client\;C:\WINDOWS\system32;C:\WINDOWS;C:\WINDOWS\System32\Wbem;C:\WINDOWS\System32\WindowsPowerShell\v1.0\;C:\Program Files (x86)\Intel\Intel(R) Management Engine Components\DAL;C:\Program Files\Intel\Intel(R) Management Engine Components\DAL;C:\Program Files (x86)\Intel\Intel(R) Management Engine Components\IPT;C:\Program Files\Intel\Intel(R) Management Engine Components\IPT;C:\WINDOWS\System32\OpenSSH\;C:\Program Files\Intel\WiFi\bin\;C:\Program Files\Common Files\Intel\WirelessCommon\;C:\Program Files\nodejs\;C:\Program Files\Git\cmd;C:\Users\Nysef\AppData\Local\Microsoft\WindowsApps;C:\Users\Nysef\AppData\Local\Programs\Microsoft VS Code\bin;C:\Users\Nysef\AppData\Roaming\npm;C:\Users\Nysef\AppData\Local\GitHubDesktop\bin

Yarn version: 
  1.22.4

Node version: 
  13.11.0

Platform: 
  win32 x64

Trace: 
  Error: https://registry.yarnpkg.com/rxjs/-/rxjs-5.5.12.tgz: ESOCKETTIMEDOUT
      at ClientRequest.<anonymous> (C:\Users\Nysef\AppData\Roaming\npm\node_modules\yarn\lib\cli.js:141375:19)
      at Object.onceWrapper (events.js:421:28)
      at ClientRequest.emit (events.js:315:20)
      at TLSSocket.emitRequestTimeout (_http_client.js:721:9)
      at Object.onceWrapper (events.js:421:28)
      at TLSSocket.emit (events.js:327:22)
      at TLSSocket.Socket._onTimeout (net.js:481:8)
      at listOnTimeout (internal/timers.js:549:17)
      at processTimers (internal/timers.js:492:7)

npm manifest: 
  {
    "main": "node_modules/expo/AppEntry.js",
    "scripts": {
      "start": "expo start",
      "android": "expo start --android",
      "ios": "expo start --ios",
      "web": "expo start --web",
      "eject": "expo eject"
    },
    "dependencies": {
      "@expo/vector-icons": "^10.2.0",
      "@react-native-community/async-storage": "^1.11.0",
      "@react-native-community/masked-view": "0.1.6",
      "base-64": "^0.1.0",
      "email-validator": "^2.0.4",
      "expo": "^37.0.8",
      "expo-asset": "~8.1.4",
      "expo-barcode-scanner": "~8.1.0",
      "expo-cli": "^3.20.1",
      "expo-constants": "^9.0.0",
      "expo-file-system": "^8.1.0",
      "expo-firebase-recaptcha": "^1.1.0",
      "expo-image-picker": "^8.1.0",
      "expo-sqlite": "~8.1.0",
      "expo-linking": "^1.0.1",
      "expo-print": "~8.1.0",
      "firebase": "7.9.0",
      "lottie-react-native": "~2.6.1",
      "moment": "^2.25.3",
      "react": "~16.9.0",
      "react-dom": "~16.9.0",
      "react-native": "https://github.com/expo/react-native/archive/sdk-37.0.1.tar.gz",
      "react-native-country-picker-modal": "^1.10.0",
      "react-native-chart-kit": "^5.6.0",
      "react-native-confirmation-code-field": "^6.2.0",
      "react-native-animatable": "^1.3.3",
      "react-native-credit-card-input": "^0.4.1",
      "react-native-credit-card-input-fullpage": "^0.2.0",
      "react-native-datepicker": "^1.7.2",
      "react-native-elements": "^2.0.0",
      "react-native-foldview": "^1.2.1",
      "react-native-gesture-handler": "~1.6.0",
      "react-native-gradient-buttons": "^2.0.1",
      "react-native-paper": "^3.10.1",
      "react-native-picker-module": "^1.3.1",
      "react-native-picker-select": "^7.0.0",
      "react-native-reanimated": "~1.7.0",
      "react-native-safe-area-context": "0.7.3",
      "react-native-scalable-image": "^1.0.0",
      "react-native-screens": "~2.2.0",
      "react-native-shadow-cards": "^1.0.2",
      "react-native-swipe-gestures": "^1.0.5",
      "react-native-textarea": "^1.0.4",
      "react-native-svg": "^12.1.0",
      "react-native-timed-slideshow": "^1.2.1",
      "react-native-web": "~0.11.7",
      "react-native-webview": "^9.4.0",
      "react-navigation": "^4.3.9",
      "react-navigation-drawer": "^2.4.13",
      "react-navigation-stack": "^2.4.0",
      "react-navigation-tabs": "^2.8.13",
      "rn-pdf-reader-js": "^3.1.0"
    },
    "devDependencies": {
      "@babel/core": "^7.8.6",
      "babel-preset-expo": "~8.1.0"
    },
    "private": true
  }

yarn manifest: 
  No manifest

Lockfile: 
  No lockfile
